<?xml version="1.0" encoding="UTF-8"?>
<!-- Generated by org.testng.reporters.JUnitReportReporter -->
<testsuite hostname="macbook-2.local" name="com.car.framwork.parts.Parts" tests="1" failures="0" timestamp="28 Sep 2014 23:50:36 GMT" time="0.011" errors="0">
  <testcase name="sayHello" time="0.011" classname="com.car.framwork.parts.Parts"/>
</testsuite> <!-- com.car.framwork.parts.Parts -->
