<?xml version="1.0" encoding="UTF-8"?>
<!-- Generated by org.testng.reporters.JUnitReportReporter -->
<testsuite hostname="macbook-Shahed.local" name="com.broadLeaf.framework.test.RegistrationTest" tests="1" failures="0" timestamp="2 Mar 2015 02:14:13 GMT" time="12.639" errors="0">
  <testcase name="verifyThatUserCanSetEmailAddress" time="12.639" classname="com.broadLeaf.framework.test.RegistrationTest"/>
</testsuite> <!-- com.broadLeaf.framework.test.RegistrationTest -->
