<?xml version="1.0" encoding="UTF-8"?>
<!-- Generated by org.testng.reporters.JUnitReportReporter -->
<testsuite hostname="macbook-Shahed.local" name="com.broadLeaf.framework.test.SmokeTest" tests="1" failures="0" timestamp="24 Feb 2015 02:52:22 GMT" time="9.711" errors="0">
  <testcase name="myFirstTest" time="9.711" classname="com.broadLeaf.framework.test.SmokeTest"/>
</testsuite> <!-- com.broadLeaf.framework.test.SmokeTest -->
