<?xml version="1.0" encoding="UTF-8"?>
<!-- Generated by org.testng.reporters.JUnitReportReporter -->
<testsuite hostname="macbook-Shahed-4.local" name="com.heatClinic.framework.test.NavigationTest" tests="1" failures="0" timestamp="16 Feb 2015 02:33:09 GMT" time="10.087" errors="0">
  <testcase name="verifyAllTheLinksInNavBar" time="10.087" classname="com.heatClinic.framework.test.NavigationTest"/>
</testsuite> <!-- com.heatClinic.framework.test.NavigationTest -->
