<?xml version="1.0" encoding="UTF-8"?>
<!-- Generated by org.testng.reporters.JUnitReportReporter -->
<testsuite hostname="macbook-Shahed.local" name="com.projectJalapino.framework.test.TestSuit" tests="1" failures="0" timestamp="23 Feb 2015 02:35:23 GMT" time="63.202" errors="0">
  <testcase name="testOne" time="63.202" classname="com.projectJalapino.framework.test.TestSuit"/>
</testsuite> <!-- com.projectJalapino.framework.test.TestSuit -->
