<?xml version="1.0" encoding="UTF-8"?>
<!-- Generated by org.testng.reporters.JUnitReportReporter -->
<testsuite hostname="macbook-Shahed-3.local" name="com.project.framework.main.BaseClass" tests="1" failures="0" timestamp="9 Feb 2015 01:20:43 GMT" time="6.860" errors="0">
  <testcase name="testOne" time="6.860" classname="com.project.framework.main.BaseClass"/>
</testsuite> <!-- com.project.framework.main.BaseClass -->
