<?xml version="1.0" encoding="UTF-8"?>
<!-- Generated by org.testng.reporters.JUnitReportReporter -->
<testsuite hostname="shaheds-MacBook-Pro.local" name="com.aber.framework.mainscript.BaseScript" tests="1" failures="0" timestamp="1 Jun 2015 00:13:05 GMT" time="19.754" errors="0">
  <testcase name="test1" time="19.754" classname="com.aber.framework.mainscript.BaseScript"/>
</testsuite> <!-- com.aber.framework.mainscript.BaseScript -->
