<?xml version="1.0" encoding="UTF-8"?>
<!-- Generated by org.testng.reporters.JUnitReportReporter -->
<testsuite hostname="macbook-Shahed.local" name="com.aber.framework.main.BaseClass" tests="1" failures="0" timestamp="16 Mar 2015 01:10:39 GMT" time="12.589" errors="0">
  <testcase name="test" time="12.589" classname="com.aber.framework.main.BaseClass"/>
</testsuite> <!-- com.aber.framework.main.BaseClass -->
